0 info it worked if it ends with ok
1 verbose cli [ '/Users/dannyblue/n/bin/node',
1 verbose cli   '/Users/dannyblue/n/bin/npm',
1 verbose cli   'publish' ]
2 info using npm@3.9.2
3 info using node@v4.4.4
4 verbose publish [ '.' ]
5 silly cache add args [ '.', null ]
6 verbose cache add spec .
7 silly cache add parsed spec Result {
7 silly cache add   raw: '.',
7 silly cache add   scope: null,
7 silly cache add   name: null,
7 silly cache add   rawSpec: '.',
7 silly cache add   spec: '/Users/dannyblue/Documents/projects/worker',
7 silly cache add   type: 'directory' }
8 verbose addLocalDirectory /Users/dannyblue/.npm/worker/1.0.0/package.tgz not in flight; packing
9 verbose correctMkdir /Users/dannyblue/.npm correctMkdir not in flight; initializing
10 info lifecycle worker@1.0.0~prepublish: worker@1.0.0
11 silly lifecycle worker@1.0.0~prepublish: no script for prepublish, continuing
12 verbose tar pack [ '/Users/dannyblue/.npm/worker/1.0.0/package.tgz',
12 verbose tar pack   '/Users/dannyblue/Documents/projects/worker' ]
13 verbose tarball /Users/dannyblue/.npm/worker/1.0.0/package.tgz
14 verbose folder /Users/dannyblue/Documents/projects/worker
15 verbose addLocalTarball adding from inside cache /Users/dannyblue/.npm/worker/1.0.0/package.tgz
16 verbose correctMkdir /Users/dannyblue/.npm correctMkdir not in flight; initializing
17 silly cache afterAdd worker@1.0.0
18 verbose afterAdd /Users/dannyblue/.npm/worker/1.0.0/package/package.json not in flight; writing
19 verbose correctMkdir /Users/dannyblue/.npm correctMkdir not in flight; initializing
20 verbose afterAdd /Users/dannyblue/.npm/worker/1.0.0/package/package.json written
21 silly publish { name: 'worker',
21 silly publish   version: '1.0.0',
21 silly publish   description: 'A tiny library to help make using web workers easier. (>1k)',
21 silly publish   main: 'src/worker.js',
21 silly publish   scripts:
21 silly publish    { docs: 'node node_modules/jsdoc/jsdoc.js src/ -d docs -r README.md',
21 silly publish      test: 'karma start',
21 silly publish      uglify: 'uglifyjs ./src/worker.js -o ./dist/worker.min.js --compress --mangle' },
21 silly publish   keywords: [ 'web workers', 'multithread', 'promises' ],
21 silly publish   files: [ 'dist/worker.min.js', 'src/worker.js' ],
21 silly publish   repository:
21 silly publish    { type: 'git',
21 silly publish      url: 'git+https://github.com/deebloo/workers.git' },
21 silly publish   author: { name: 'deebloo' },
21 silly publish   license: 'MIT',
21 silly publish   bugs: { url: 'https://github.com/deebloo/workers/issues' },
21 silly publish   homepage: 'https://github.com/deebloo/workers',
21 silly publish   devDependencies:
21 silly publish    { 'jasmine-core': '*',
21 silly publish      karma: '*',
21 silly publish      'karma-coverage': '*',
21 silly publish      'karma-jasmine': '*',
21 silly publish      'karma-phantomjs-launcher': '^1.0.0',
21 silly publish      'karma-safari-launcher': '*',
21 silly publish      'phantomjs-prebuilt': '^2.1.7',
21 silly publish      uglifyjs: '*' },
21 silly publish   peerDependencies: { 'es6-promise': '^3.2.1' },
21 silly publish   readme: '# worker [![CircleCI](https://circleci.com/gh/deebloo/worker.svg?style=svg)](https://circleci.com/gh/deebloo/worker)\n\nA tiny library to help make using web workers easier. (>1k)\n\nFor more info on web workers look [here](https://developer.mozilla.org/en-US/docs/Web/API/Web_Workers_API/Using_web_workers)\n\n### Install\n\n```\nnpm i worker --save\n```\n\n#### Support\nChome, Firefox, Safari, and IE11+\n\nUses ES6 promises. If using browser that does not have native support.\n```\nnpm i es6-shim --save\n```\n\n### Basic Usage\n\n```JS\n// if using webpack/browserify\nvar $worker = require(\'$worker\');\n\n// if using as global\nvar $worker = window.$worker;\n\nvar myWorker = $worker().create(function () {\n    self.postMessage(\'Hello World\');\n});\n\nmyWorker.run().then(function (e) {\n    console.log(e.data); // \'Hello World\'\n});\n```\n\n### API\n\n#### $worker\nfactory - creates instance of $worker that can then be used to create web workers\n\nExample:\n```JS\nvar worker = $worker();\n```\n\n#### $worker().create()\ncreates a new web worker\n\n| Arg     | Type     | description                         |\n| --------|----------|-------------------------------------|\n| fn      | Function | the function to run in a web worker |\n\nExample:\n```JS\nfunction helloWorld() {\n    self.postMessage(\'Hello World\');\n}\n\nvar myWorker = $worker().create(helloWorld);\n```\n\n#### $worker().create().run()\nPost data for the web worker to use. Runs the web worker and returns a promise;\n\n| Arg     | Type    | description |\n| --------|---------|-------|\n| data  | * | the data to be posted (cannot be function)  |\n\nExample:\n```JS\n$worker()\n  .create(function (e) {\n      self.postMessage(e.data.toUpperCase());\n  })\n  .run(\'hello world\')\n  .then(function (e) {\n      console.log(e.data) // HELLO WORLD\n  });\n```\n\n#### $worker().list()\nReturns a list of all of the created workers\n\nExample:\n```JS\nvar workerGroup = $worker();\n\nworkerGroup.create( ... );\nworkerGroup.create( ... );\n\nworkerGroup.list().length === 2\n```',
21 silly publish   readmeFilename: 'README.md',
21 silly publish   gitHead: '56594c090117a79dab0b693fe23ef8d09c3ed060',
21 silly publish   _id: 'worker@1.0.0',
21 silly publish   _shasum: 'c6845f858786b73e74fe878c2829b7bb122bc89f',
21 silly publish   _from: '.' }
22 verbose getPublishConfig undefined
23 silly mapToRegistry name worker
24 silly mapToRegistry using default registry
25 silly mapToRegistry registry https://registry.npmjs.org/
26 silly mapToRegistry data Result {
26 silly mapToRegistry   raw: 'worker',
26 silly mapToRegistry   scope: null,
26 silly mapToRegistry   name: 'worker',
26 silly mapToRegistry   rawSpec: '',
26 silly mapToRegistry   spec: 'latest',
26 silly mapToRegistry   type: 'tag' }
27 silly mapToRegistry uri https://registry.npmjs.org/worker
28 verbose publish registryBase https://registry.npmjs.org/
29 silly publish uploading /Users/dannyblue/.npm/worker/1.0.0/package.tgz
30 verbose request uri https://registry.npmjs.org/worker
31 verbose request sending authorization for write operation
32 info attempt registry request try #1 at 5:02:02 PM
33 verbose request using bearer token for auth
34 verbose request id 4af3c667e17901e1
35 http request PUT https://registry.npmjs.org/worker
36 http 403 https://registry.npmjs.org/worker
37 verbose headers { 'content-type': 'application/json',
37 verbose headers   'cache-control': 'max-age=300',
37 verbose headers   'content-length': '100',
37 verbose headers   'accept-ranges': 'bytes',
37 verbose headers   date: 'Mon, 23 May 2016 21:02:03 GMT',
37 verbose headers   via: '1.1 varnish',
37 verbose headers   connection: 'keep-alive',
37 verbose headers   'x-served-by': 'cache-jfk1045-JFK',
37 verbose headers   'x-cache': 'MISS',
37 verbose headers   'x-cache-hits': '0',
37 verbose headers   'x-timer': 'S1464037322.912632,VS0,VE648',
37 verbose headers   vary: 'Accept-Encoding' }
38 verbose request invalidating /Users/dannyblue/.npm/registry.npmjs.org/worker on PUT
39 error publish Failed PUT 403
40 verbose stack Error: you do not have permission to publish "worker". Are you logged in as the correct user? : worker
40 verbose stack     at makeError (/Users/dannyblue/n/lib/node_modules/npm/node_modules/npm-registry-client/lib/request.js:264:12)
40 verbose stack     at CachingRegistryClient.<anonymous> (/Users/dannyblue/n/lib/node_modules/npm/node_modules/npm-registry-client/lib/request.js:252:14)
40 verbose stack     at Request._callback (/Users/dannyblue/n/lib/node_modules/npm/node_modules/npm-registry-client/lib/request.js:172:14)
40 verbose stack     at Request.self.callback (/Users/dannyblue/n/lib/node_modules/npm/node_modules/request/request.js:200:22)
40 verbose stack     at emitTwo (events.js:87:13)
40 verbose stack     at Request.emit (events.js:172:7)
40 verbose stack     at Request.<anonymous> (/Users/dannyblue/n/lib/node_modules/npm/node_modules/request/request.js:1067:10)
40 verbose stack     at emitOne (events.js:82:20)
40 verbose stack     at Request.emit (events.js:169:7)
40 verbose stack     at IncomingMessage.<anonymous> (/Users/dannyblue/n/lib/node_modules/npm/node_modules/request/request.js:988:12)
41 verbose statusCode 403
42 verbose pkgid worker
43 verbose cwd /Users/dannyblue/Documents/projects/worker
44 error Darwin 15.4.0
45 error argv "/Users/dannyblue/n/bin/node" "/Users/dannyblue/n/bin/npm" "publish"
46 error node v4.4.4
47 error npm  v3.9.2
48 error code E403
49 error you do not have permission to publish "worker". Are you logged in as the correct user? : worker
50 error If you need help, you may report this error at:
50 error     <https://github.com/npm/npm/issues>
51 verbose exit [ 1, true ]
